0 info it worked if it ends with ok
1 verbose cli [ '/opt/local/bin/node', '/opt/local/bin/npm', 'start' ]
2 info using npm@1.1.59
3 info using node@v0.8.8
4 verbose read json /Users/danieldelgado/local/pessoal/lemonink/package.json
5 verbose run-script [ 'prestart', 'start', 'poststart' ]
6 info prestart lemonink@0.0.1
7 info start lemonink@0.0.1
8 verbose unsafe-perm in lifecycle true
9 silly exec sh "-c" "node app"
10 silly sh,-c,node app,/Users/danieldelgado/local/pessoal/lemonink spawning
11 info lemonink@0.0.1 Failed to exec start script
12 error lemonink@0.0.1 start: `node app`
12 error `sh "-c" "node app"` failed with 1
13 error Failed at the lemonink@0.0.1 start script.
13 error This is most likely a problem with the lemonink package,
13 error not with npm itself.
13 error Tell the author that this fails on your system:
13 error     node app
13 error You can get their info via:
13 error     npm owner ls lemonink
13 error There is likely additional logging output above.
14 error System Darwin 11.4.2
15 error command "/opt/local/bin/node" "/opt/local/bin/npm" "start"
16 error cwd /Users/danieldelgado/local/pessoal/lemonink
17 error node -v v0.8.8
18 error npm -v 1.1.59
19 error code ELIFECYCLE
20 verbose exit [ 1, true ]
